<?xml version="1.0" encoding="UTF-8"?>
<coverage generated="1633605526866" clover="3.2.0">
  <project timestamp="1633605526867" name="All files">
    <metrics statements="41" coveredstatements="41" conditionals="12" coveredconditionals="12" methods="11" coveredmethods="11" elements="64" coveredelements="64" complexity="0" loc="41" ncloc="41" packages="1" files="1" classes="1"/>
    <file name="CalcularSumaCadena.js" path="D:\UNIVERSIDAD\SEMESTRE 6\ING DE SW\PROYECTOS\TDD Calculadora de Cadenas\parcel-jest-base\src\CalcularSumaCadena.js">
      <metrics statements="41" coveredstatements="41" conditionals="12" coveredconditionals="12" methods="11" coveredmethods="11"/>
      <line num="2" count="29" type="stmt"/>
      <line num="3" count="29" type="stmt"/>
      <line num="4" count="29" type="stmt"/>
      <line num="5" count="29" type="stmt"/>
      <line num="6" count="92" type="stmt"/>
      <line num="7" count="92" type="cond" truecount="2" falsecount="0"/>
      <line num="8" count="89" type="stmt"/>
      <line num="9" count="89" type="cond" truecount="2" falsecount="0"/>
      <line num="11" count="84" type="stmt"/>
      <line num="12" count="84" type="cond" truecount="2" falsecount="0"/>
      <line num="13" count="76" type="cond" truecount="2" falsecount="0"/>
      <line num="14" count="76" type="stmt"/>
      <line num="16" count="13" type="stmt"/>
      <line num="20" count="29" type="stmt"/>
      <line num="21" count="29" type="stmt"/>
      <line num="22" count="29" type="stmt"/>
      <line num="26" count="29" type="stmt"/>
      <line num="27" count="29" type="stmt"/>
      <line num="28" count="29" type="cond" truecount="2" falsecount="0"/>
      <line num="29" count="15" type="stmt"/>
      <line num="30" count="15" type="stmt"/>
      <line num="31" count="15" type="stmt"/>
      <line num="33" count="29" type="stmt"/>
      <line num="37" count="15" type="stmt"/>
      <line num="38" count="15" type="stmt"/>
      <line num="39" count="15" type="stmt"/>
      <line num="40" count="15" type="stmt"/>
      <line num="41" count="23" type="stmt"/>
      <line num="42" count="23" type="stmt"/>
      <line num="43" count="23" type="stmt"/>
      <line num="45" count="15" type="stmt"/>
      <line num="49" count="89" type="stmt"/>
      <line num="50" count="89" type="stmt"/>
      <line num="51" count="89" type="stmt"/>
      <line num="55" count="5" type="stmt"/>
      <line num="56" count="5" type="stmt"/>
      <line num="60" count="92" type="stmt"/>
      <line num="64" count="58" type="stmt"/>
      <line num="68" count="29" type="cond" truecount="2" falsecount="0"/>
      <line num="69" count="15" type="stmt"/>
      <line num="71" count="29" type="stmt"/>
    </file>
  </project>
</coverage>
