<?xml version="1.0" encoding="UTF-8"?>
<coverage generated="1633191241599" clover="3.2.0">
  <project timestamp="1633191241599" name="All files">
    <metrics statements="35" coveredstatements="35" conditionals="10" coveredconditionals="10" methods="9" coveredmethods="9" elements="54" coveredelements="54" complexity="0" loc="35" ncloc="35" packages="1" files="1" classes="1"/>
    <file name="CalcularSumaCadena.js" path="D:\UNIVERSIDAD\SEMESTRE 6\ING DE SW\PROYECTOS\TDD Calculadora de Cadenas\parcel-jest-base\src\CalcularSumaCadena.js">
      <metrics statements="35" coveredstatements="35" conditionals="10" coveredconditionals="10" methods="9" coveredmethods="9"/>
      <line num="2" count="36" type="stmt"/>
      <line num="3" count="36" type="stmt"/>
      <line num="4" count="36" type="stmt"/>
      <line num="8" count="2" type="stmt"/>
      <line num="12" count="39" type="stmt"/>
      <line num="16" count="34" type="stmt"/>
      <line num="20" count="17" type="cond" truecount="2" falsecount="0"/>
      <line num="21" count="3" type="stmt"/>
      <line num="23" count="17" type="stmt"/>
      <line num="27" count="17" type="stmt"/>
      <line num="28" count="17" type="stmt"/>
      <line num="29" count="17" type="cond" truecount="2" falsecount="0"/>
      <line num="30" count="3" type="stmt"/>
      <line num="31" count="3" type="stmt"/>
      <line num="32" count="3" type="stmt"/>
      <line num="33" count="3" type="stmt"/>
      <line num="35" count="17" type="stmt"/>
      <line num="39" count="17" type="stmt"/>
      <line num="40" count="17" type="stmt"/>
      <line num="41" count="17" type="stmt"/>
      <line num="42" count="17" type="stmt"/>
      <line num="43" count="17" type="stmt"/>
      <line num="47" count="17" type="stmt"/>
      <line num="48" count="17" type="stmt"/>
      <line num="49" count="17" type="stmt"/>
      <line num="50" count="17" type="stmt"/>
      <line num="51" count="39" type="stmt"/>
      <line num="52" count="39" type="cond" truecount="2" falsecount="0"/>
      <line num="53" count="36" type="stmt"/>
      <line num="54" count="36" type="cond" truecount="2" falsecount="0"/>
      <line num="56" count="34" type="stmt"/>
      <line num="57" count="34" type="cond" truecount="2" falsecount="0"/>
      <line num="58" count="28" type="stmt"/>
      <line num="59" count="28" type="stmt"/>
      <line num="61" count="6" type="stmt"/>
    </file>
  </project>
</coverage>
