{"D:\\UNIVERSIDAD\\SEMESTRE 6\\ING DE SW\\PROYECTOS\\TDD Calculadora de Cadenas\\parcel-jest-base\\src\\CalcularSumaCadena.js": {"path":"D:\\UNIVERSIDAD\\SEMESTRE 6\\ING DE SW\\PROYECTOS\\TDD Calculadora de Cadenas\\parcel-jest-base\\src\\CalcularSumaCadena.js","statementMap":{"0":{"start":{"line":2,"column":24},"end":{"line":2,"column":46}},"1":{"start":{"line":3,"column":23},"end":{"line":3,"column":46}},"2":{"start":{"line":4,"column":2},"end":{"line":4,"column":24}},"3":{"start":{"line":8,"column":2},"end":{"line":8,"column":68}},"4":{"start":{"line":8,"column":38},"end":{"line":8,"column":63}},"5":{"start":{"line":12,"column":2},"end":{"line":12,"column":29}},"6":{"start":{"line":16,"column":13},"end":{"line":16,"column":14}},"7":{"start":{"line":17,"column":9},"end":{"line":17,"column":10}},"8":{"start":{"line":18,"column":18},"end":{"line":18,"column":21}},"9":{"start":{"line":19,"column":20},"end":{"line":19,"column":25}},"10":{"start":{"line":20,"column":2},"end":{"line":25,"column":3}},"11":{"start":{"line":21,"column":4},"end":{"line":21,"column":38}},"12":{"start":{"line":22,"column":4},"end":{"line":22,"column":44}},"13":{"start":{"line":23,"column":4},"end":{"line":23,"column":42}},"14":{"start":{"line":24,"column":4},"end":{"line":24,"column":35}},"15":{"start":{"line":26,"column":2},"end":{"line":26,"column":47}},"16":{"start":{"line":27,"column":14},"end":{"line":27,"column":37}},"17":{"start":{"line":28,"column":16},"end":{"line":28,"column":34}},"18":{"start":{"line":29,"column":2},"end":{"line":39,"column":3}},"19":{"start":{"line":30,"column":22},"end":{"line":30,"column":66}},"20":{"start":{"line":31,"column":4},"end":{"line":31,"column":38}},"21":{"start":{"line":31,"column":26},"end":{"line":31,"column":38}},"22":{"start":{"line":32,"column":25},"end":{"line":32,"column":75}},"23":{"start":{"line":33,"column":4},"end":{"line":33,"column":60}},"24":{"start":{"line":33,"column":26},"end":{"line":33,"column":60}},"25":{"start":{"line":35,"column":14},"end":{"line":35,"column":34}},"26":{"start":{"line":36,"column":4},"end":{"line":36,"column":38}},"27":{"start":{"line":36,"column":26},"end":{"line":36,"column":38}},"28":{"start":{"line":37,"column":4},"end":{"line":37,"column":16}},"29":{"start":{"line":38,"column":4},"end":{"line":38,"column":8}},"30":{"start":{"line":40,"column":2},"end":{"line":40,"column":14}}},"fnMap":{"0":{"name":"obtenerListaValidaNumeros","decl":{"start":{"line":1,"column":9},"end":{"line":1,"column":34}},"loc":{"start":{"line":1,"column":50},"end":{"line":5,"column":1}},"line":1},"1":{"name":"sumarLista","decl":{"start":{"line":7,"column":9},"end":{"line":7,"column":19}},"loc":{"start":{"line":7,"column":33},"end":{"line":9,"column":1}},"line":7},"2":{"name":"(anonymous_2)","decl":{"start":{"line":8,"column":29},"end":{"line":8,"column":30}},"loc":{"start":{"line":8,"column":38},"end":{"line":8,"column":63}},"line":8},"3":{"name":"posicionCaracterDistintoDeDigito","decl":{"start":{"line":11,"column":9},"end":{"line":11,"column":41}},"loc":{"start":{"line":11,"column":49},"end":{"line":13,"column":1}},"line":11},"4":{"name":"calcularSumaCadenas","decl":{"start":{"line":15,"column":9},"end":{"line":15,"column":28}},"loc":{"start":{"line":15,"column":37},"end":{"line":41,"column":1}},"line":15}},"branchMap":{"0":{"loc":{"start":{"line":20,"column":2},"end":{"line":25,"column":3}},"type":"if","locations":[{"start":{"line":20,"column":2},"end":{"line":25,"column":3}},{"start":{"line":20,"column":2},"end":{"line":25,"column":3}}],"line":20},"1":{"loc":{"start":{"line":31,"column":4},"end":{"line":31,"column":38}},"type":"if","locations":[{"start":{"line":31,"column":4},"end":{"line":31,"column":38}},{"start":{"line":31,"column":4},"end":{"line":31,"column":38}}],"line":31},"2":{"loc":{"start":{"line":33,"column":4},"end":{"line":33,"column":60}},"type":"if","locations":[{"start":{"line":33,"column":4},"end":{"line":33,"column":60}},{"start":{"line":33,"column":4},"end":{"line":33,"column":60}}],"line":33},"3":{"loc":{"start":{"line":36,"column":4},"end":{"line":36,"column":38}},"type":"if","locations":[{"start":{"line":36,"column":4},"end":{"line":36,"column":38}},{"start":{"line":36,"column":4},"end":{"line":36,"column":38}}],"line":36}},"s":{"0":36,"1":36,"2":36,"3":2,"4":2,"5":39,"6":17,"7":17,"8":17,"9":17,"10":17,"11":3,"12":3,"13":3,"14":3,"15":17,"16":17,"17":17,"18":17,"19":39,"20":39,"21":3,"22":36,"23":36,"24":2,"25":34,"26":34,"27":6,"28":28,"29":28,"30":6},"f":{"0":36,"1":2,"2":2,"3":39,"4":17},"b":{"0":[3,14],"1":[3,36],"2":[2,34],"3":[6,28]},"_coverageSchema":"1a1c01bbd47fc00a2c39e90264f33305004495a9","hash":"4ac4306d09db5d060b21324366cc240dbd629752"}
}
