{"D:\\UNIVERSIDAD\\SEMESTRE 6\\ING DE SW\\PROYECTOS\\TDD Calculadora de Cadenas\\parcel-jest-base\\src\\CalcularSumaCadena.js": {"path":"D:\\UNIVERSIDAD\\SEMESTRE 6\\ING DE SW\\PROYECTOS\\TDD Calculadora de Cadenas\\parcel-jest-base\\src\\CalcularSumaCadena.js","statementMap":{"0":{"start":{"line":2,"column":13},"end":{"line":2,"column":14}},"1":{"start":{"line":3,"column":9},"end":{"line":3,"column":10}},"2":{"start":{"line":4,"column":2},"end":{"line":12,"column":3}},"3":{"start":{"line":5,"column":4},"end":{"line":10,"column":5}},"4":{"start":{"line":7,"column":18},"end":{"line":7,"column":37}},"5":{"start":{"line":8,"column":8},"end":{"line":8,"column":42}},"6":{"start":{"line":8,"column":30},"end":{"line":8,"column":42}},"7":{"start":{"line":9,"column":8},"end":{"line":9,"column":20}},"8":{"start":{"line":11,"column":4},"end":{"line":11,"column":8}},"9":{"start":{"line":13,"column":2},"end":{"line":13,"column":14}}},"fnMap":{"0":{"name":"calcularSumaCadenas","decl":{"start":{"line":1,"column":9},"end":{"line":1,"column":28}},"loc":{"start":{"line":1,"column":37},"end":{"line":14,"column":1}},"line":1}},"branchMap":{"0":{"loc":{"start":{"line":5,"column":4},"end":{"line":10,"column":5}},"type":"if","locations":[{"start":{"line":5,"column":4},"end":{"line":10,"column":5}},{"start":{"line":5,"column":4},"end":{"line":10,"column":5}}],"line":5},"1":{"loc":{"start":{"line":5,"column":9},"end":{"line":5,"column":35}},"type":"binary-expr","locations":[{"start":{"line":5,"column":9},"end":{"line":5,"column":25}},{"start":{"line":5,"column":29},"end":{"line":5,"column":35}}],"line":5},"2":{"loc":{"start":{"line":8,"column":8},"end":{"line":8,"column":42}},"type":"if","locations":[{"start":{"line":8,"column":8},"end":{"line":8,"column":42}},{"start":{"line":8,"column":8},"end":{"line":8,"column":42}}],"line":8}},"s":{"0":10,"1":10,"2":10,"3":30,"4":21,"5":21,"6":7,"7":14,"8":23,"9":3},"f":{"0":10},"b":{"0":[21,9],"1":[30,12],"2":[7,14]},"_coverageSchema":"1a1c01bbd47fc00a2c39e90264f33305004495a9","hash":"fbff9108dbd602bb871174747894f6d8d1573391"}
}
