TN:
SF:src\CalcularSumaCadena.js
FN:1,obtenerListaValidaNumeros
FN:7,sumarLista
FN:8,(anonymous_2)
FN:11,posicionCaracterDistintoDeDigito
FN:15,tieneDelimitador
FN:19,obtenerCadenaValida
FN:26,obtenerSeparadores
FN:38,obtenerListaNumeros
FN:46,calcularSumaCadenas
FNF:9
FNH:9
FNDA:36,obtenerListaValidaNumeros
FNDA:2,sumarLista
FNDA:2,(anonymous_2)
FNDA:39,posicionCaracterDistintoDeDigito
FNDA:34,tieneDelimitador
FNDA:17,obtenerCadenaValida
FNDA:17,obtenerSeparadores
FNDA:17,obtenerListaNumeros
FNDA:17,calcularSumaCadenas
DA:2,36
DA:3,36
DA:4,36
DA:8,2
DA:12,39
DA:16,34
DA:20,17
DA:21,3
DA:23,17
DA:27,17
DA:28,17
DA:29,17
DA:30,3
DA:31,3
DA:32,3
DA:33,3
DA:35,17
DA:39,17
DA:40,17
DA:41,17
DA:42,17
DA:43,17
DA:47,17
DA:48,17
DA:49,17
DA:50,17
DA:51,39
DA:52,39
DA:53,36
DA:54,36
DA:56,34
DA:57,34
DA:58,28
DA:59,28
DA:61,6
LF:35
LH:35
BRDA:20,0,0,3
BRDA:20,0,1,14
BRDA:29,1,0,3
BRDA:29,1,1,14
BRDA:52,2,0,3
BRDA:52,2,1,36
BRDA:54,3,0,2
BRDA:54,3,1,34
BRDA:57,4,0,6
BRDA:57,4,1,28
BRF:10
BRH:10
end_of_record
