TN:
SF:src\CalcularSumaCadena.js
FN:1,calcularSumacadenaDeNumeross
FN:19,obtenerListaNumeros
FN:27,obtenerSeparadores
FN:38,buscarDelimitadores
FN:50,obtenerListaValidaNumeros
FN:56,sumarLista
FN:57,(anonymous_6)
FN:58,(anonymous_7)
FN:61,posicionCaracterDistintoDeDigito
FN:65,tieneDelimitador
FN:69,obtenercadenaDeNumerosValida
FNF:11
FNH:11
FNDA:29,calcularSumacadenaDeNumeross
FNDA:29,obtenerListaNumeros
FNDA:29,obtenerSeparadores
FNDA:15,buscarDelimitadores
FNDA:89,obtenerListaValidaNumeros
FNDA:5,sumarLista
FNDA:5,(anonymous_6)
FNDA:3,(anonymous_7)
FNDA:92,posicionCaracterDistintoDeDigito
FNDA:58,tieneDelimitador
FNDA:29,obtenercadenaDeNumerosValida
DA:2,29
DA:3,29
DA:4,29
DA:5,29
DA:6,92
DA:7,92
DA:8,89
DA:9,89
DA:11,84
DA:12,84
DA:13,76
DA:14,76
DA:16,13
DA:20,29
DA:21,29
DA:22,29
DA:23,29
DA:24,29
DA:28,29
DA:29,29
DA:30,29
DA:31,15
DA:32,15
DA:33,15
DA:35,29
DA:39,15
DA:40,15
DA:41,15
DA:42,15
DA:43,23
DA:44,23
DA:45,23
DA:47,15
DA:51,89
DA:52,89
DA:53,89
DA:57,5
DA:58,5
DA:62,92
DA:66,58
DA:70,29
DA:71,15
DA:73,29
LF:43
LH:43
BRDA:7,0,0,3
BRDA:7,0,1,89
BRDA:9,1,0,5
BRDA:9,1,1,84
BRDA:12,2,0,8
BRDA:12,2,1,76
BRDA:13,3,0,64
BRDA:13,3,1,12
BRDA:30,4,0,15
BRDA:30,4,1,14
BRDA:70,5,0,15
BRDA:70,5,1,14
BRF:12
BRH:12
end_of_record
